[07:21:16.911] [INFO] Storybook Upgrade - v9.1.10
[07:21:16.921] [INFO] detect-projects-spinner-start: Detecting projects...
[07:21:16.922] [DEBUG] Finding Storybook projects...
[07:21:16.959] [DEBUG] Found 1 Storybook projects
[07:21:16.959] [INFO] detect-projects-spinner: Detecting projects: 1 projects
[07:21:16.959] [DEBUG] Getting Storybook data...
[07:21:16.960] [DEBUG] Getting Storybook info...
[07:21:16.960] [DEBUG] Loading main config...
[07:21:17.312] [DEBUG] Getting stories paths...
[07:21:17.330] [DEBUG] Getting package manager...
[07:21:17.387] [DEBUG] Getting Storybook version...
[07:21:17.387] [DEBUG] /.storybook - Validating before version... 8.6.14
[07:21:17.387] [DEBUG] /.storybook - Validating upgrade compatibility...
[07:21:17.387] [DEBUG] /.storybook - Fetching NPM version information...
[07:21:17.387] [DEBUG] Getting CLI versions from NPM for storybook...
[07:21:17.390] [DEBUG] Getting CLI versions from NPM for storybook@next...
[07:21:17.712] [DEBUG] /.storybook - Evaluating blockers...
[07:21:17.713] [DEBUG] Getting installed version for @storybook/experimental-addon-test...
[07:21:18.015] [INFO] detect-projects-spinner-stop: 1 project detected
[07:21:18.016] [DEBUG] Found 1 valid projects and 0 error projects
[07:21:18.016] [INFO] Upgrading from 8.6.14 to 9.1.10
[07:21:18.024] [INFO] upgrade-dependencies-task-start: Fetching versions to update package.json files..
[07:21:18.024] [DEBUG] Updating dependencies in /.storybook...
[07:21:18.030] [INFO] upgrade-dependencies-task: /package.json
[07:21:18.031] [DEBUG] {
  "upgradedDependencies": []
}
[07:21:18.031] [DEBUG] {
  "upgradedDevDependencies": [
    "@storybook/web-components@^9.1.10",
    "@storybook/web-components-vite@^9.1.10",
    "storybook@^9.1.10"
  ]
}
[07:21:18.031] [DEBUG] {
  "upgradedPeerDependencies": []
}
[07:21:18.031] [DEBUG] Getting CLI versions from NPM for @storybook/web-components...
[07:21:18.989] [DEBUG] Getting CLI versions from NPM for @storybook/web-components-vite...
[07:21:20.519] [DEBUG] Using cached version for storybook...
[07:21:20.520] [INFO] upgrade-dependencies-task-success: Updated package versions in package.json files
[07:21:20.520] [INFO] detect-automigrations-task-start: Detecting automigrations...
[07:21:20.520] [DEBUG] Starting automigration collection across 1 projects and 16 fixes...
[07:21:20.527] [INFO] detect-automigrations-task: Checking automigrations for /.storybook...
[07:21:20.527] [DEBUG] Processing project: /.storybook
[07:21:20.527] [DEBUG] Checking fix eslintPlugin for project /.storybook...
[07:21:20.530] [DEBUG] Checking fix addon-mdx-gfm-remove for project /.storybook...
[07:21:20.530] [DEBUG] Checking fix addon-storysource-code-panel for project /.storybook...
[07:21:20.530] [DEBUG] Checking fix upgrade-storybook-related-dependencies for project /.storybook...
[07:21:20.530] [DEBUG] Checking for incompatible storybook packages...
[07:21:20.534] [DEBUG] Getting installed version for @storybook/addon-actions...
[07:21:20.536] [DEBUG] Getting installed version for @storybook/addon-essentials...
[07:21:20.539] [DEBUG] Getting installed version for @storybook/addon-interactions...
[07:21:20.541] [DEBUG] Getting installed version for @storybook/blocks...
[07:21:20.542] [DEBUG] Getting installed version for @storybook/preview-api...
[07:21:20.544] [DEBUG] Getting installed version for @storybook/test...
[07:21:20.547] [DEBUG] Getting installed version for @wc-toolkit/storybook-helpers...
[07:21:21.091] [DEBUG] An issue occurred while trying to find dependencies metadata using npm.
[07:21:21.091] [DEBUG] Getting CLI versions from NPM for @storybook/addon-actions...
[07:21:21.107] [DEBUG] An issue occurred while trying to find dependencies metadata using npm.
[07:21:21.107] [DEBUG] Getting CLI versions from NPM for @storybook/test...
[07:21:21.120] [DEBUG] An issue occurred while trying to find dependencies metadata using npm.
[07:21:21.120] [DEBUG] Getting CLI versions from NPM for @storybook/blocks...
[07:21:21.144] [DEBUG] An issue occurred while trying to find dependencies metadata using npm.
[07:21:21.144] [DEBUG] Getting CLI versions from NPM for @wc-toolkit/storybook-helpers...
[07:21:21.152] [DEBUG] An issue occurred while trying to find dependencies metadata using npm.
[07:21:21.152] [DEBUG] Getting CLI versions from NPM for @storybook/preview-api...
[07:21:21.169] [DEBUG] An issue occurred while trying to find dependencies metadata using npm.
[07:21:21.169] [DEBUG] Getting CLI versions from NPM for @storybook/addon-interactions...
[07:21:21.218] [DEBUG] An issue occurred while trying to find dependencies metadata using npm.
[07:21:21.218] [DEBUG] Getting CLI versions from NPM for @storybook/addon-essentials...
[07:21:22.600] [DEBUG] Checking fix initial-globals for project /.storybook...
[07:21:22.620] [DEBUG] Checking fix addon-globals-api for project /.storybook...
[07:21:22.624] [DEBUG] Checking fix addon-a11y-addon-test for project /.storybook...
[07:21:22.624] [DEBUG] Checking fix consolidated-imports for project /.storybook...
[07:21:22.624] [DEBUG] Checking fix addon-experimental-test for project /.storybook...
[07:21:22.624] [DEBUG] Using cached installed version for @storybook/experimental-addon-test...
[07:21:22.624] [DEBUG] Checking fix rnstorybook-config for project /.storybook...
[07:21:22.624] [DEBUG] Checking fix remove-addon-interactions for project /.storybook...
[07:21:22.624] [DEBUG] Checking fix renderer-to-framework for project /.storybook...
[07:21:22.625] [DEBUG] Checking fix remove-essential-addons for project /.storybook...
[07:21:22.625] [DEBUG] Checking fix addon-a11y-parameters for project /.storybook...
[07:21:22.625] [DEBUG] Checking fix remove-docs-autodocs for project /.storybook...
[07:21:22.626] [DEBUG] Checking fix wrap-require for project /.storybook...
[07:21:22.635] [INFO] detect-automigrations-task: 
Automigrations detected:
[07:21:22.644] [INFO] detect-automigrations-task: ✔ eslintPlugin
[07:21:22.670] [INFO] detect-automigrations-task: ✔ consolidated-imports
[07:21:22.685] [INFO] detect-automigrations-task: ✔ remove-addon-interactions
[07:21:22.697] [INFO] detect-automigrations-task: ✔ renderer-to-framework
[07:21:22.707] [INFO] detect-automigrations-task: ✔ remove-essential-addons
[07:21:22.707] [INFO] detect-automigrations-task-success: 5 automigration(s) detected
[07:21:57.093] [PROMPT] Select automigrations to run {"choice":["eslintPlugin","consolidated-imports","remove-addon-interactions","renderer-to-framework","remove-essential-addons"]}
[07:21:57.095] [INFO] automigrate-/.storybook-task-start: Running automigrations for /.storybook
[07:21:57.095] [DEBUG] Adding dependencies: eslint-plugin-storybook@9.1.10
[07:21:57.096] [DEBUG] Getting CLI versions from NPM for eslint-plugin-storybook...
[07:21:57.432] [DEBUG] Detected flat config at /home/stee/code/oscd-ui/eslint.config.js
[07:21:57.467] [INFO] automigrate-/.storybook-task: ✔ eslintPlugin
[07:21:57.497] [INFO] automigrate-/.storybook-task: ✔ consolidated-imports
[07:21:57.507] [DEBUG] Uninstalling @storybook/addon-interactions
[07:21:57.508] [DEBUG] Removing '@storybook/addon-interactions' from main.js addons field.
[07:21:57.524] [INFO] automigrate-/.storybook-task: ✔ remove-addon-interactions
[07:21:57.524] [DEBUG] 
Migrating @storybook/web-components to @storybook/web-components-vite
[07:21:57.528] [DEBUG] Updating package.json files...
[07:21:57.535] [INFO] automigrate-/.storybook-task: ✔ renderer-to-framework
[07:21:57.537] [DEBUG] Uninstalling @storybook/addon-essentials
[07:21:57.537] [DEBUG] Removing '@storybook/addon-essentials' from main.js addons field.
[07:21:57.539] [DEBUG] Uninstalling @storybook/addon-actions
[07:21:57.541] [DEBUG] Getting Storybook info...
[07:21:57.541] [DEBUG] Loading main config...
[07:21:57.544] [DEBUG] Getting stories paths...
[07:21:57.544] [DEBUG] Getting package manager...
[07:21:57.548] [DEBUG] Getting Storybook version...
[07:21:57.557] [INFO] automigrate-/.storybook-task: Verifying @storybook/addon-docs
[07:21:57.572] [INFO] automigrate-/.storybook-task: Installing @storybook/addon-docs@^9.1.10
[07:21:57.572] [DEBUG] Getting CLI versions from NPM for @storybook/addon-docs...
[07:21:58.205] [INFO] automigrate-/.storybook-task: Adding '@storybook/addon-docs' to the "addons" field in
/home/stee/code/oscd-ui/.storybook/main.js
[07:21:58.219] [INFO] automigrate-/.storybook-task: ✔ remove-essential-addons
[07:21:58.220] [INFO] automigrate-/.storybook-task-success: Completed automigrations for /.storybook
[07:21:58.220] [INFO] Installing dependencies...
[07:21:58.220] [INFO] install-dependencies-task-start: Installing dependencies...
[07:22:08.249] [INFO] > @omicronenergy/oscd-ui@0.0.6 prepare
> husky
[07:22:08.256] [INFO] install-dependencies-task: > @omicronenergy/oscd-ui@0.0.6 prepare
> husky
[07:22:08.290] [INFO] added 10 packages, removed 31 packages, changed 27 packages, and audited 885 packages in 10s
[07:22:08.297] [INFO] install-dependencies-task: added 10 packages, removed 31 packages, changed 27 packages, and audited 885
packages in 10s
[07:22:08.297] [INFO] 197 packages are looking for funding
  run `npm fund` for details

2 vulnerabilities (1 low, 1 high)

To address all issues, run:
  npm audit fix

Run `npm audit` for details.
[07:22:08.304] [INFO] install-dependencies-task: 197 packages are looking for funding
run `npm fund` for details

2 vulnerabilities (1 low, 1 high)

To address all issues, run:
npm audit fix

Run `npm audit` for details.
[07:22:08.306] [INFO] Dependencies installed
[07:22:08.306] [INFO] install-dependencies-task-success: Dependencies installed
[07:22:08.307] [INFO] Checking the health of your project(s)..
[07:22:08.614] [WARN] /.storybook: 1 issue found
[07:22:08.622] [INFO] You are currently using Storybook 9.1.10 but you have packages which are incompatible with it:

- @wc-toolkit/storybook-helpers@1.1.4 which depends on ^7.0.0 || ^8.0.0
 Repo: https://wc-toolkit.com/documentation/storybook-helpers

Please consider updating your packages or contacting the maintainers for compatibility details.

For more on Storybook 9 compatibility, see the linked GitHub issue:
https://github.com/storybookjs/storybook/issues/30944
[07:22:08.622] [INFO] Incompatible Packages
[07:22:08.629] [INFO] You are currently using Storybook 9.1.10 but you have packages which are incompatible with it:

- @wc-toolkit/storybook-helpers@1.1.4 which depends on ^7.0.0 || ^8.0.0
 Repo: https://wc-toolkit.com/documentation/storybook-helpers

Please consider updating your packages or contacting the maintainers for compatibility details.

For more on Storybook 9 compatibility, see the linked GitHub issue:
https://github.com/storybookjs/storybook/issues/30944
[07:22:08.641] [INFO] Storybook doctor is complete!
[07:22:08.649] [INFO] You can always recheck the health of your project(s) by running:
npx storybook doctor
[07:22:08.663] [INFO] The upgrade is complete!
[07:22:08.677] [INFO] Your project(s) have been upgraded successfully, but some issues were found which need your attention, please check Storybook doctor logs above.
[07:22:08.796] [INFO] If you want to learn more about the automigrations that executed in your project(s), please check the following links:

• eslintPlugin
• consolidated-imports
• remove-addon-interactions
• renderer-to-framework
• remove-essential-addons
[07:22:08.819] [INFO] For a full list of changes, please check our migration guide: https://storybook.js.org/docs/migration-guide?ref=upgrade